[debug] [2023-05-15T20:40:17.235Z] ----------------------------------------------------------------------
[debug] [2023-05-15T20:40:17.236Z] Command:       /Users/lody/.nvm/versions/node/v14.19.3/bin/node /Users/lody/.nvm/versions/node/v14.19.3/bin/firebase deploy --only hosting:portfolio-elodie-jean
[debug] [2023-05-15T20:40:17.237Z] CLI Version:   11.24.1
[debug] [2023-05-15T20:40:17.237Z] Platform:      darwin
[debug] [2023-05-15T20:40:17.237Z] Node Version:  v14.19.3
[debug] [2023-05-15T20:40:17.239Z] Time:          Mon May 15 2023 13:40:17 GMT-0700 (heure d’été du Pacifique)
[debug] [2023-05-15T20:40:17.240Z] ----------------------------------------------------------------------
[debug] 
[debug] [2023-05-15T20:40:17.244Z] >>> [apiv2][query] GET https://firebase-public.firebaseio.com/cli.json [none]
[debug] [2023-05-15T20:40:17.315Z] > command requires scopes: ["email","openid","https://www.googleapis.com/auth/cloudplatformprojects.readonly","https://www.googleapis.com/auth/firebase","https://www.googleapis.com/auth/cloud-platform"]
[debug] [2023-05-15T20:40:17.315Z] > authorizing via signed-in user (elodie.jean18@gmail.com)
[debug] [2023-05-15T20:40:17.316Z] [iam] checking project elodie-jean-portfolio for permissions ["firebase.projects.get","firebasehosting.sites.update"]
[debug] [2023-05-15T20:40:17.316Z] > refreshing access token with scopes: []
[debug] [2023-05-15T20:40:17.317Z] >>> [apiv2][query] POST https://www.googleapis.com/oauth2/v3/token [none]
[debug] [2023-05-15T20:40:17.317Z] >>> [apiv2][body] POST https://www.googleapis.com/oauth2/v3/token [omitted]
[debug] [2023-05-15T20:40:17.439Z] <<< [apiv2][status] POST https://www.googleapis.com/oauth2/v3/token 200
[debug] [2023-05-15T20:40:17.439Z] <<< [apiv2][body] POST https://www.googleapis.com/oauth2/v3/token [omitted]
[debug] [2023-05-15T20:40:17.481Z] >>> [apiv2][query] POST https://cloudresourcemanager.googleapis.com/v1/projects/elodie-jean-portfolio:testIamPermissions [none]
[debug] [2023-05-15T20:40:17.481Z] >>> [apiv2][(partial)header] POST https://cloudresourcemanager.googleapis.com/v1/projects/elodie-jean-portfolio:testIamPermissions x-goog-quota-user=projects/elodie-jean-portfolio
[debug] [2023-05-15T20:40:17.481Z] >>> [apiv2][body] POST https://cloudresourcemanager.googleapis.com/v1/projects/elodie-jean-portfolio:testIamPermissions {"permissions":["firebase.projects.get","firebasehosting.sites.update"]}
[debug] [2023-05-15T20:40:17.601Z] <<< [apiv2][status] GET https://firebase-public.firebaseio.com/cli.json 200
[debug] [2023-05-15T20:40:17.601Z] <<< [apiv2][body] GET https://firebase-public.firebaseio.com/cli.json {"cloudBuildErrorAfter":1594252800000,"cloudBuildWarnAfter":1590019200000,"defaultNode10After":1594252800000,"minVersion":"3.0.5","node8DeploysDisabledAfter":1613390400000,"node8RuntimeDisabledAfter":1615809600000,"node8WarnAfter":1600128000000}
[debug] [2023-05-15T20:40:18.314Z] <<< [apiv2][status] POST https://cloudresourcemanager.googleapis.com/v1/projects/elodie-jean-portfolio:testIamPermissions 200
[debug] [2023-05-15T20:40:18.315Z] <<< [apiv2][body] POST https://cloudresourcemanager.googleapis.com/v1/projects/elodie-jean-portfolio:testIamPermissions {}
[debug] [2023-05-15T20:40:18.315Z] [iam] error while checking permissions, command may fail: FirebaseError: Authorization failed. This account is missing the following required permissions on project elodie-jean-portfolio:

  firebase.projects.get
  firebasehosting.sites.update
[debug] [2023-05-15T20:40:18.318Z] >>> [apiv2][query] GET https://firebase.googleapis.com/v1beta1/projects/elodie-jean-portfolio [none]
[debug] [2023-05-15T20:40:18.827Z] <<< [apiv2][status] GET https://firebase.googleapis.com/v1beta1/projects/elodie-jean-portfolio 403
[debug] [2023-05-15T20:40:18.827Z] <<< [apiv2][body] GET https://firebase.googleapis.com/v1beta1/projects/elodie-jean-portfolio {"error":{"code":403,"message":"The caller does not have permission","status":"PERMISSION_DENIED"}}
[debug] [2023-05-15T20:40:18.830Z] HTTP Error: 403, The caller does not have permission
[debug] [2023-05-15T20:40:18.890Z] FirebaseError: HTTP Error: 403, The caller does not have permission
    at responseToError (/Users/lody/.nvm/versions/node/v14.19.3/lib/node_modules/firebase-tools/lib/responseToError.js:49:12)
    at RetryOperation._fn (/Users/lody/.nvm/versions/node/v14.19.3/lib/node_modules/firebase-tools/lib/apiv2.js:288:77)
    at processTicksAndRejections (internal/process/task_queues.js:95:5)
[error] 
[error] Error: Failed to get Firebase project elodie-jean-portfolio. Please make sure the project exists and your account has permission to access it.
